<?xml version="1.0" encoding="UTF-8"?>
<!-- Generated by org.testng.reporters.JUnitReportReporter -->
<testsuite hostname="local-PC" failures="0" tests="1" name="FirstTestNGProper" time="13.169" errors="0" timestamp="2019-10-17T22:47:20 IST" skipped="0">
  <testcase classname="FirstTestNGProper" name="Gmailtest" time="13.169"/>
</testsuite> <!-- FirstTestNGProper -->
